go: 2024/08/24 10:49:28 这是一条需要记录的日志
[go] - 2024/08/26 16:36:31 [GradingService] - 这是一条测试grading服务使用Log服务

[go] - 2024/08/29 19:09:39 [GradingService] - test

[go] - 2024/08/31 15:00:39 [GradingService] - http: Server closed

[go] - 2024/08/31 15:00:39 [GradingService] - test2

[go] - 2024/08/31 15:00:39 [GradingService] - failed to deregister service. Registryservice responded with code 500

[go] - 2024/08/31 15:02:20 [GradingService] - http: Server closed

[go] - 2024/08/31 15:02:20 [GradingService] - test2

[go] - 2024/08/31 15:02:21 [GradingService] - failed to deregister service. Registryservice responded with code 500

[go] - 2024/08/31 15:03:34 [GradingService] - http: Server closed

[go] - 2024/08/31 15:03:34 [GradingService] - test2

[go] - 2024/08/31 15:03:34 [GradingService] - failed to deregister service. Registryservice responded with code 500

[go] - 2024/08/31 15:31:26 [GradingService] - http: Server closed

[go] - 2024/08/31 15:31:26 [GradingService] - test2

[go] - 2024/08/31 15:31:26 [GradingService] - failed to deregister service. Registryservice responded with code 500

[go] - 2024/08/31 15:50:40 [GradingService] - http: Server closed

[go] - 2024/08/31 15:50:40 [GradingService] - test2

[go] - 2024/08/31 15:50:40 [GradingService] - failed to deregister service. Registryservice responded with code 500

[go] - 2024/08/31 16:04:27 [GradingService] - http: Server closed

[go] - 2024/08/31 16:04:27 [GradingService] - test2

[go] - 2024/08/31 16:06:30 [GradingService] - test2

[go] - 2024/08/31 16:06:32 [GradingService] - http: Server closed

